<?xml version="1.0" encoding="UTF-8"?>
<coverage generated="1705940084985" clover="3.2.0">
  <project timestamp="1705940084985" name="All files">
    <metrics statements="64" coveredstatements="25" conditionals="26" coveredconditionals="3" methods="11" coveredmethods="7" elements="101" coveredelements="35" complexity="0" loc="64" ncloc="64" packages="1" files="2" classes="2"/>
    <file name="App.js" path="/home/cezarszl/Pulpit/PROJEKTY/meet/src/App.js">
      <metrics statements="14" coveredstatements="14" conditionals="2" coveredconditionals="2" methods="4" coveredmethods="4"/>
      <line num="9" count="4" type="stmt"/>
      <line num="11" count="46" type="stmt"/>
      <line num="12" count="42" type="stmt"/>
      <line num="13" count="42" type="stmt"/>
      <line num="14" count="42" type="stmt"/>
      <line num="16" count="42" type="stmt"/>
      <line num="17" count="22" type="stmt"/>
      <line num="20" count="42" type="stmt"/>
      <line num="21" count="22" type="stmt"/>
      <line num="22" count="22" type="cond" truecount="2" falsecount="0"/>
      <line num="24" count="70" type="stmt"/>
      <line num="25" count="22" type="stmt"/>
      <line num="26" count="22" type="stmt"/>
      <line num="29" count="42" type="stmt"/>
    </file>
    <file name="api.js" path="/home/cezarszl/Pulpit/PROJEKTY/meet/src/api.js">
      <metrics statements="50" coveredstatements="11" conditionals="24" coveredconditionals="1" methods="7" coveredmethods="3"/>
      <line num="3" count="4" type="stmt"/>
      <line num="4" count="770" type="stmt"/>
      <line num="5" count="22" type="stmt"/>
      <line num="6" count="22" type="stmt"/>
      <line num="9" count="4" type="stmt"/>
      <line num="10" count="0" type="stmt"/>
      <line num="13" count="0" type="stmt"/>
      <line num="14" count="0" type="stmt"/>
      <line num="17" count="4" type="stmt"/>
      <line num="18" count="0" type="stmt"/>
      <line num="19" count="0" type="stmt"/>
      <line num="21" count="0" type="stmt"/>
      <line num="22" count="0" type="cond" truecount="0" falsecount="2"/>
      <line num="23" count="0" type="stmt"/>
      <line num="25" count="0" type="stmt"/>
      <line num="26" count="0" type="cond" truecount="0" falsecount="2"/>
      <line num="27" count="0" type="stmt"/>
      <line num="29" count="0" type="stmt"/>
      <line num="33" count="4" type="stmt"/>
      <line num="35" count="0" type="cond" truecount="0" falsecount="4"/>
      <line num="36" count="0" type="stmt"/>
      <line num="41" count="0" type="stmt"/>
      <line num="43" count="0" type="stmt"/>
      <line num="44" count="0" type="stmt"/>
      <line num="48" count="4" type="stmt"/>
      <line num="49" count="24" type="cond" truecount="1" falsecount="1"/>
      <line num="50" count="24" type="stmt"/>
      <line num="53" count="0" type="stmt"/>
      <line num="55" count="0" type="cond" truecount="0" falsecount="2"/>
      <line num="56" count="0" type="stmt"/>
      <line num="57" count="0" type="stmt"/>
      <line num="58" count="0" type="stmt"/>
      <line num="59" count="0" type="stmt"/>
      <line num="60" count="0" type="cond" truecount="0" falsecount="2"/>
      <line num="61" count="0" type="stmt"/>
      <line num="62" count="0" type="stmt"/>
      <line num="66" count="4" type="stmt"/>
      <line num="68" count="0" type="stmt"/>
      <line num="69" count="0" type="cond" truecount="0" falsecount="2"/>
      <line num="71" count="0" type="cond" truecount="0" falsecount="4"/>
      <line num="72" count="0" type="stmt"/>
      <line num="73" count="0" type="stmt"/>
      <line num="74" count="0" type="stmt"/>
      <line num="75" count="0" type="cond" truecount="0" falsecount="2"/>
      <line num="76" count="0" type="stmt"/>
      <line num="79" count="0" type="stmt"/>
      <line num="80" count="0" type="stmt"/>
      <line num="81" count="0" type="stmt"/>
      <line num="83" count="0" type="cond" truecount="0" falsecount="2"/>
      <line num="85" count="0" type="stmt"/>
    </file>
  </project>
</coverage>
