{"/home/cezarszl/Pulpit/PROJEKTY/meet/src/App.js": {"path":"/home/cezarszl/Pulpit/PROJEKTY/meet/src/App.js","statementMap":{"0":{"start":{"line":9,"column":12},"end":{"line":36,"column":1}},"1":{"start":{"line":11,"column":30},"end":{"line":11,"column":42}},"2":{"start":{"line":12,"column":38},"end":{"line":12,"column":50}},"3":{"start":{"line":13,"column":42},"end":{"line":13,"column":54}},"4":{"start":{"line":14,"column":40},"end":{"line":14,"column":66}},"5":{"start":{"line":16,"column":2},"end":{"line":18,"column":32}},"6":{"start":{"line":17,"column":4},"end":{"line":17,"column":16}},"7":{"start":{"line":20,"column":20},"end":{"line":27,"column":3}},"8":{"start":{"line":21,"column":22},"end":{"line":21,"column":39}},"9":{"start":{"line":22,"column":27},"end":{"line":24,"column":63}},"10":{"start":{"line":24,"column":32},"end":{"line":24,"column":62}},"11":{"start":{"line":25,"column":4},"end":{"line":25,"column":51}},"12":{"start":{"line":26,"column":4},"end":{"line":26,"column":49}},"13":{"start":{"line":29,"column":2},"end":{"line":35,"column":4}}},"fnMap":{"0":{"name":"(anonymous_0)","decl":{"start":{"line":9,"column":12},"end":{"line":9,"column":13}},"loc":{"start":{"line":9,"column":18},"end":{"line":36,"column":1}},"line":9},"1":{"name":"(anonymous_1)","decl":{"start":{"line":16,"column":12},"end":{"line":16,"column":13}},"loc":{"start":{"line":16,"column":18},"end":{"line":18,"column":3}},"line":16},"2":{"name":"(anonymous_2)","decl":{"start":{"line":20,"column":20},"end":{"line":20,"column":21}},"loc":{"start":{"line":20,"column":32},"end":{"line":27,"column":3}},"line":20},"3":{"name":"(anonymous_3)","decl":{"start":{"line":24,"column":23},"end":{"line":24,"column":24}},"loc":{"start":{"line":24,"column":32},"end":{"line":24,"column":62}},"line":24}},"branchMap":{"0":{"loc":{"start":{"line":22,"column":27},"end":{"line":24,"column":63}},"type":"cond-expr","locations":[{"start":{"line":23,"column":6},"end":{"line":23,"column":15}},{"start":{"line":24,"column":6},"end":{"line":24,"column":63}}],"line":22}},"s":{"0":4,"1":46,"2":42,"3":42,"4":42,"5":42,"6":22,"7":42,"8":22,"9":22,"10":70,"11":22,"12":22,"13":42},"f":{"0":46,"1":22,"2":22,"3":70},"b":{"0":[20,2]},"_coverageSchema":"1a1c01bbd47fc00a2c39e90264f33305004495a9","hash":"1be902bd30be984c4978652103a737ccefd25537"}
,"/home/cezarszl/Pulpit/PROJEKTY/meet/src/api.js": {"path":"/home/cezarszl/Pulpit/PROJEKTY/meet/src/api.js","statementMap":{"0":{"start":{"line":3,"column":32},"end":{"line":7,"column":1}},"1":{"start":{"line":4,"column":31},"end":{"line":4,"column":68}},"2":{"start":{"line":4,"column":53},"end":{"line":4,"column":67}},"3":{"start":{"line":5,"column":22},"end":{"line":5,"column":54}},"4":{"start":{"line":6,"column":4},"end":{"line":6,"column":21}},"5":{"start":{"line":9,"column":19},"end":{"line":15,"column":1}},"6":{"start":{"line":10,"column":21},"end":{"line":12,"column":5}},"7":{"start":{"line":13,"column":19},"end":{"line":13,"column":40}},"8":{"start":{"line":14,"column":4},"end":{"line":14,"column":18}},"9":{"start":{"line":17,"column":17},"end":{"line":31,"column":1}},"10":{"start":{"line":18,"column":4},"end":{"line":30,"column":5}},"11":{"start":{"line":19,"column":27},"end":{"line":19,"column":51}},"12":{"start":{"line":21,"column":25},"end":{"line":21,"column":128}},"13":{"start":{"line":22,"column":8},"end":{"line":24,"column":9}},"14":{"start":{"line":23,"column":12},"end":{"line":23,"column":69}},"15":{"start":{"line":25,"column":33},"end":{"line":25,"column":54}},"16":{"start":{"line":26,"column":8},"end":{"line":26,"column":75}},"17":{"start":{"line":27,"column":8},"end":{"line":27,"column":28}},"18":{"start":{"line":29,"column":8},"end":{"line":29,"column":21}},"19":{"start":{"line":33,"column":20},"end":{"line":46,"column":1}},"20":{"start":{"line":35,"column":4},"end":{"line":45,"column":5}},"21":{"start":{"line":36,"column":8},"end":{"line":40,"column":37}},"22":{"start":{"line":41,"column":8},"end":{"line":41,"column":49}},"23":{"start":{"line":43,"column":8},"end":{"line":43,"column":72}},"24":{"start":{"line":44,"column":8},"end":{"line":44,"column":49}},"25":{"start":{"line":48,"column":25},"end":{"line":64,"column":1}},"26":{"start":{"line":49,"column":4},"end":{"line":51,"column":5}},"27":{"start":{"line":50,"column":8},"end":{"line":50,"column":24}},"28":{"start":{"line":53,"column":18},"end":{"line":53,"column":40}},"29":{"start":{"line":55,"column":4},"end":{"line":63,"column":5}},"30":{"start":{"line":56,"column":8},"end":{"line":56,"column":22}},"31":{"start":{"line":57,"column":20},"end":{"line":57,"column":110}},"32":{"start":{"line":58,"column":25},"end":{"line":58,"column":41}},"33":{"start":{"line":59,"column":23},"end":{"line":59,"column":44}},"34":{"start":{"line":60,"column":8},"end":{"line":62,"column":27}},"35":{"start":{"line":61,"column":12},"end":{"line":61,"column":33}},"36":{"start":{"line":62,"column":15},"end":{"line":62,"column":27}},"37":{"start":{"line":66,"column":30},"end":{"line":89,"column":1}},"38":{"start":{"line":68,"column":24},"end":{"line":68,"column":60}},"39":{"start":{"line":69,"column":23},"end":{"line":69,"column":69}},"40":{"start":{"line":71,"column":4},"end":{"line":84,"column":5}},"41":{"start":{"line":72,"column":8},"end":{"line":72,"column":54}},"42":{"start":{"line":73,"column":29},"end":{"line":73,"column":72}},"43":{"start":{"line":74,"column":21},"end":{"line":74,"column":51}},"44":{"start":{"line":75,"column":8},"end":{"line":82,"column":9}},"45":{"start":{"line":76,"column":29},"end":{"line":78,"column":13}},"46":{"start":{"line":79,"column":27},"end":{"line":79,"column":48}},"47":{"start":{"line":80,"column":32},"end":{"line":80,"column":38}},"48":{"start":{"line":81,"column":12},"end":{"line":81,"column":52}},"49":{"start":{"line":83,"column":8},"end":{"line":83,"column":38}},"50":{"start":{"line":85,"column":4},"end":{"line":85,"column":23}}},"fnMap":{"0":{"name":"(anonymous_0)","decl":{"start":{"line":3,"column":32},"end":{"line":3,"column":33}},"loc":{"start":{"line":3,"column":44},"end":{"line":7,"column":1}},"line":3},"1":{"name":"(anonymous_1)","decl":{"start":{"line":4,"column":42},"end":{"line":4,"column":43}},"loc":{"start":{"line":4,"column":53},"end":{"line":4,"column":67}},"line":4},"2":{"name":"(anonymous_2)","decl":{"start":{"line":9,"column":19},"end":{"line":9,"column":20}},"loc":{"start":{"line":9,"column":42},"end":{"line":15,"column":1}},"line":9},"3":{"name":"(anonymous_3)","decl":{"start":{"line":17,"column":17},"end":{"line":17,"column":18}},"loc":{"start":{"line":17,"column":33},"end":{"line":31,"column":1}},"line":17},"4":{"name":"(anonymous_4)","decl":{"start":{"line":33,"column":20},"end":{"line":33,"column":21}},"loc":{"start":{"line":33,"column":26},"end":{"line":46,"column":1}},"line":33},"5":{"name":"(anonymous_5)","decl":{"start":{"line":48,"column":25},"end":{"line":48,"column":26}},"loc":{"start":{"line":48,"column":37},"end":{"line":64,"column":1}},"line":48},"6":{"name":"(anonymous_6)","decl":{"start":{"line":66,"column":30},"end":{"line":66,"column":31}},"loc":{"start":{"line":66,"column":42},"end":{"line":89,"column":1}},"line":66}},"branchMap":{"0":{"loc":{"start":{"line":22,"column":8},"end":{"line":24,"column":9}},"type":"if","locations":[{"start":{"line":22,"column":8},"end":{"line":24,"column":9}},{"start":{},"end":{}}],"line":22},"1":{"loc":{"start":{"line":26,"column":8},"end":{"line":26,"column":74}},"type":"binary-expr","locations":[{"start":{"line":26,"column":8},"end":{"line":26,"column":20}},{"start":{"line":26,"column":24},"end":{"line":26,"column":74}}],"line":26},"2":{"loc":{"start":{"line":35,"column":4},"end":{"line":45,"column":5}},"type":"if","locations":[{"start":{"line":35,"column":4},"end":{"line":45,"column":5}},{"start":{"line":42,"column":11},"end":{"line":45,"column":5}}],"line":35},"3":{"loc":{"start":{"line":35,"column":8},"end":{"line":35,"column":60}},"type":"binary-expr","locations":[{"start":{"line":35,"column":8},"end":{"line":35,"column":32}},{"start":{"line":35,"column":36},"end":{"line":35,"column":60}}],"line":35},"4":{"loc":{"start":{"line":49,"column":4},"end":{"line":51,"column":5}},"type":"if","locations":[{"start":{"line":49,"column":4},"end":{"line":51,"column":5}},{"start":{},"end":{}}],"line":49},"5":{"loc":{"start":{"line":55,"column":4},"end":{"line":63,"column":5}},"type":"if","locations":[{"start":{"line":55,"column":4},"end":{"line":63,"column":5}},{"start":{},"end":{}}],"line":55},"6":{"loc":{"start":{"line":60,"column":8},"end":{"line":62,"column":27}},"type":"if","locations":[{"start":{"line":60,"column":8},"end":{"line":62,"column":27}},{"start":{"line":62,"column":15},"end":{"line":62,"column":27}}],"line":60},"7":{"loc":{"start":{"line":69,"column":23},"end":{"line":69,"column":69}},"type":"binary-expr","locations":[{"start":{"line":69,"column":23},"end":{"line":69,"column":34}},{"start":{"line":69,"column":39},"end":{"line":69,"column":68}}],"line":69},"8":{"loc":{"start":{"line":71,"column":4},"end":{"line":84,"column":5}},"type":"if","locations":[{"start":{"line":71,"column":4},"end":{"line":84,"column":5}},{"start":{},"end":{}}],"line":71},"9":{"loc":{"start":{"line":71,"column":8},"end":{"line":71,"column":40}},"type":"binary-expr","locations":[{"start":{"line":71,"column":8},"end":{"line":71,"column":20}},{"start":{"line":71,"column":24},"end":{"line":71,"column":40}}],"line":71},"10":{"loc":{"start":{"line":75,"column":8},"end":{"line":82,"column":9}},"type":"if","locations":[{"start":{"line":75,"column":8},"end":{"line":82,"column":9}},{"start":{},"end":{}}],"line":75},"11":{"loc":{"start":{"line":83,"column":15},"end":{"line":83,"column":37}},"type":"binary-expr","locations":[{"start":{"line":83,"column":15},"end":{"line":83,"column":19}},{"start":{"line":83,"column":23},"end":{"line":83,"column":37}}],"line":83}},"s":{"0":4,"1":22,"2":770,"3":22,"4":22,"5":4,"6":0,"7":0,"8":0,"9":4,"10":0,"11":0,"12":0,"13":0,"14":0,"15":0,"16":0,"17":0,"18":0,"19":4,"20":0,"21":0,"22":0,"23":0,"24":0,"25":4,"26":24,"27":24,"28":0,"29":0,"30":0,"31":0,"32":0,"33":0,"34":0,"35":0,"36":0,"37":4,"38":0,"39":0,"40":0,"41":0,"42":0,"43":0,"44":0,"45":0,"46":0,"47":0,"48":0,"49":0,"50":0},"f":{"0":22,"1":770,"2":0,"3":0,"4":0,"5":24,"6":0},"b":{"0":[0,0],"1":[0,0],"2":[0,0],"3":[0,0],"4":[24,0],"5":[0,0],"6":[0,0],"7":[0,0],"8":[0,0],"9":[0,0],"10":[0,0],"11":[0,0]},"_coverageSchema":"1a1c01bbd47fc00a2c39e90264f33305004495a9","hash":"bd7b8a6821796a9587bedccd2e75a4efc5993364"}
}
