TN:
SF:src/App.js
FN:9,(anonymous_0)
FN:16,(anonymous_1)
FN:20,(anonymous_2)
FN:24,(anonymous_3)
FNF:4
FNH:4
FNDA:46,(anonymous_0)
FNDA:22,(anonymous_1)
FNDA:22,(anonymous_2)
FNDA:70,(anonymous_3)
DA:9,4
DA:11,46
DA:12,42
DA:13,42
DA:14,42
DA:16,42
DA:17,22
DA:20,42
DA:21,22
DA:22,22
DA:24,70
DA:25,22
DA:26,22
DA:29,42
LF:14
LH:14
BRDA:22,0,0,20
BRDA:22,0,1,2
BRF:2
BRH:2
end_of_record
TN:
SF:src/api.js
FN:3,(anonymous_0)
FN:4,(anonymous_1)
FN:9,(anonymous_2)
FN:17,(anonymous_3)
FN:33,(anonymous_4)
FN:48,(anonymous_5)
FN:66,(anonymous_6)
FNF:7
FNH:3
FNDA:22,(anonymous_0)
FNDA:770,(anonymous_1)
FNDA:0,(anonymous_2)
FNDA:0,(anonymous_3)
FNDA:0,(anonymous_4)
FNDA:24,(anonymous_5)
FNDA:0,(anonymous_6)
DA:3,4
DA:4,770
DA:5,22
DA:6,22
DA:9,4
DA:10,0
DA:13,0
DA:14,0
DA:17,4
DA:18,0
DA:19,0
DA:21,0
DA:22,0
DA:23,0
DA:25,0
DA:26,0
DA:27,0
DA:29,0
DA:33,4
DA:35,0
DA:36,0
DA:41,0
DA:43,0
DA:44,0
DA:48,4
DA:49,24
DA:50,24
DA:53,0
DA:55,0
DA:56,0
DA:57,0
DA:58,0
DA:59,0
DA:60,0
DA:61,0
DA:62,0
DA:66,4
DA:68,0
DA:69,0
DA:71,0
DA:72,0
DA:73,0
DA:74,0
DA:75,0
DA:76,0
DA:79,0
DA:80,0
DA:81,0
DA:83,0
DA:85,0
LF:50
LH:11
BRDA:22,0,0,0
BRDA:22,0,1,0
BRDA:26,1,0,0
BRDA:26,1,1,0
BRDA:35,2,0,0
BRDA:35,2,1,0
BRDA:35,3,0,0
BRDA:35,3,1,0
BRDA:49,4,0,24
BRDA:49,4,1,0
BRDA:55,5,0,0
BRDA:55,5,1,0
BRDA:60,6,0,0
BRDA:60,6,1,0
BRDA:69,7,0,0
BRDA:69,7,1,0
BRDA:71,8,0,0
BRDA:71,8,1,0
BRDA:71,9,0,0
BRDA:71,9,1,0
BRDA:75,10,0,0
BRDA:75,10,1,0
BRDA:83,11,0,0
BRDA:83,11,1,0
BRF:24
BRH:1
end_of_record
